{"level":"info","message":{"api":"/api/v1/filter/action/","user":{"email":"akash.karluke@unilever.com","role":"SalesManager"}},"timestamp":"2023-06-01T04:43:52.453Z"}
{"level":"info","message":{"api":"/api/v1/filter/action/","user":{"email":"akash.karluke@unilever.com","role":"SalesManager"}},"timestamp":"2023-06-01T04:43:52.486Z"}
{"level":"info","message":{"api":"/api/v1/filter/action/","user":{"email":"akash.karluke@unilever.com","role":"SalesManager"}},"timestamp":"2023-06-01T04:43:52.536Z"}
{"level":"info","message":{"api":"/api/v1/filter/action/","user":{"email":"akash.karluke@unilever.com","role":"SalesManager"}},"timestamp":"2023-06-01T04:43:52.584Z"}
{"level":"info","message":{"api":"/api/v1/filter/action/","user":{"email":"akash.karluke@unilever.com","role":"SalesManager"}},"timestamp":"2023-06-01T04:43:52.593Z"}
{"level":"info","message":{"api":"/api/v1/filter/action/week/","user":{"email":"akash.karluke@unilever.com","role":"SalesManager"}},"timestamp":"2023-06-01T04:43:52.937Z"}
{"level":"info","message":{"api":"/api/v1/action/oosAlert","user":{"email":"akash.karluke@unilever.com","role":"SalesManager"}},"timestamp":"2023-06-01T04:43:53.659Z"}
{"level":"info","message":{"api":"/api/v1/action/oosAlert/logBook/","user":{"email":"akash.karluke@unilever.com","role":"SalesManager"}},"timestamp":"2023-06-01T04:46:18.273Z"}
{"level":"info","message":{"api":"/api/v1/action/oosAlert","user":{"email":"akash.karluke@unilever.com","role":"SalesManager"}},"timestamp":"2023-06-01T04:48:22.531Z"}
{"level":"info","message":{"api":"/api/v1/action/oosAlert/logBook/","user":{"email":"akash.karluke@unilever.com","role":"SalesManager"}},"timestamp":"2023-06-01T04:48:22.786Z"}
{"level":"info","message":{"api":"/api/v1/action/oosAlert","user":{"email":"akash.karluke@unilever.com","role":"SalesManager"}},"timestamp":"2023-06-01T04:48:25.906Z"}
{"level":"info","message":{"api":"/api/v1/action/oosAlert","user":{"email":"akash.karluke@unilever.com","role":"SalesManager"}},"timestamp":"2023-06-01T04:48:25.942Z"}
{"level":"info","message":{"api":"/api/v1/action/oosAlert/logBook/","user":{"email":"akash.karluke@unilever.com","role":"SalesManager"}},"timestamp":"2023-06-01T04:48:25.962Z"}
{"level":"info","message":{"api":"/api/v1/action/oosAlert/logBook/","user":{"email":"akash.karluke@unilever.com","role":"SalesManager"}},"timestamp":"2023-06-01T04:48:26.099Z"}
{"level":"info","message":{"api":"/api/v1/action/oosAlert","user":{"email":"akash.karluke@unilever.com","role":"SalesManager"}},"timestamp":"2023-06-01T04:48:32.531Z"}
{"level":"info","message":{"api":"/api/v1/action/oosAlert/logBook/","user":{"email":"akash.karluke@unilever.com","role":"SalesManager"}},"timestamp":"2023-06-01T04:48:35.321Z"}
{"level":"info","message":{"api":"/api/v1/action/oosAlert","user":{"email":"akash.karluke@unilever.com","role":"SalesManager"}},"timestamp":"2023-06-01T04:48:35.329Z"}
{"level":"info","message":{"api":"/api/v1/action/oosAlert/logBook/","user":{"email":"akash.karluke@unilever.com","role":"SalesManager"}},"timestamp":"2023-06-01T04:48:36.088Z"}
{"level":"info","message":{"api":"/api/v1/user/","user":{"email":"akash.karluke@unilever.com","role":"SalesManager"}},"timestamp":"2023-06-01T08:26:48.485Z"}
{"level":"info","message":{"api":"/api/v1/action/picos/store","user":{"email":"akash.karluke@unilever.com","role":"SalesManager"}},"timestamp":"2023-06-01T08:28:02.916Z"}
{"level":"info","message":{"api":"/api/v1/filter/action/","user":{"email":"akash.karluke@unilever.com","role":"SalesManager"}},"timestamp":"2023-06-01T08:28:04.275Z"}
{"level":"info","message":{"api":"/api/v1/filter/action/","user":{"email":"akash.karluke@unilever.com","role":"SalesManager"}},"timestamp":"2023-06-01T08:28:04.555Z"}
{"level":"info","message":{"api":"/api/v1/filter/action/","user":{"email":"akash.karluke@unilever.com","role":"SalesManager"}},"timestamp":"2023-06-01T08:28:08.468Z"}
{"level":"info","message":{"api":"/api/v1/filter/action/","user":{"email":"akash.karluke@unilever.com","role":"SalesManager"}},"timestamp":"2023-06-01T08:28:08.799Z"}
{"level":"info","message":{"api":"/api/v1/filter/action/","user":{"email":"akash.karluke@unilever.com","role":"SalesManager"}},"timestamp":"2023-06-01T08:28:08.966Z"}
{"level":"info","message":{"api":"/api/v1/filter/action/week/","user":{"email":"akash.karluke@unilever.com","role":"SalesManager"}},"timestamp":"2023-06-01T08:28:26.290Z"}
{"level":"info","message":{"api":"/api/v1/action/oosAlert","user":{"email":"akash.karluke@unilever.com","role":"SalesManager"}},"timestamp":"2023-06-01T08:28:31.359Z"}
{"level":"info","message":{"api":"/api/v1/action/oosAlert/logBook/","user":{"email":"akash.karluke@unilever.com","role":"SalesManager"}},"timestamp":"2023-06-01T08:33:09.934Z"}
{"level":"info","message":{"api":"/api/v1/action/oosAlert/logBook/","user":{"email":"akash.karluke@unilever.com","role":"SalesManager"}},"timestamp":"2023-06-01T08:33:53.797Z"}
{"level":"info","message":{"api":"/api/v1/action/picos/store","user":{"email":"akash.karluke@unilever.com","role":"SalesManager"}},"timestamp":"2023-06-01T08:34:43.250Z"}
{"level":"info","message":{"api":"/api/v1/filter/action/","user":{"email":"akash.karluke@unilever.com","role":"SalesManager"}},"timestamp":"2023-06-01T08:34:50.972Z"}
{"level":"info","message":{"api":"/api/v1/filter/action/","user":{"email":"akash.karluke@unilever.com","role":"SalesManager"}},"timestamp":"2023-06-01T08:34:51.287Z"}
{"level":"info","message":{"api":"/api/v1/filter/action/","user":{"email":"akash.karluke@unilever.com","role":"SalesManager"}},"timestamp":"2023-06-01T08:34:51.324Z"}
{"level":"info","message":{"api":"/api/v1/filter/action/","user":{"email":"akash.karluke@unilever.com","role":"SalesManager"}},"timestamp":"2023-06-01T08:36:07.021Z"}
{"level":"info","message":{"api":"/api/v1/filter/action/","user":{"email":"akash.karluke@unilever.com","role":"SalesManager"}},"timestamp":"2023-06-01T08:38:09.999Z"}
{"level":"info","message":{"api":"/api/v1/filter/action/week/","user":{"email":"akash.karluke@unilever.com","role":"SalesManager"}},"timestamp":"2023-06-01T08:38:53.870Z"}
{"level":"info","message":{"api":"/api/v1/action/oosAlert","user":{"email":"akash.karluke@unilever.com","role":"SalesManager"}},"timestamp":"2023-06-01T08:38:54.125Z"}
{"level":"info","message":{"api":"/api/v1/action/oosAlert/logBook/","user":{"email":"akash.karluke@unilever.com","role":"SalesManager"}},"timestamp":"2023-06-01T08:39:02.001Z"}
{"level":"info","message":{"api":"/api/v1/action/oosAlert","user":{"email":"akash.karluke@unilever.com","role":"SalesManager"}},"timestamp":"2023-06-01T08:39:02.008Z"}
{"level":"info","message":{"api":"/api/v1/action/oosAlert/logBook/","user":{"email":"akash.karluke@unilever.com","role":"SalesManager"}},"timestamp":"2023-06-01T08:39:02.032Z"}
{"level":"info","message":{"api":"/api/v1/user/","user":{"email":"akash.karluke@unilever.com","role":"SalesManager"}},"timestamp":"2023-06-01T08:39:02.050Z"}
{"level":"info","message":{"api":"/api/v1/action/oosAlert","user":{"email":"akash.karluke@unilever.com","role":"SalesManager"}},"timestamp":"2023-06-01T08:39:02.080Z"}
{"level":"info","message":{"api":"/api/v1/action/oosAlert/logBook/","user":{"email":"akash.karluke@unilever.com","role":"SalesManager"}},"timestamp":"2023-06-01T08:39:02.716Z"}
{"level":"info","message":{"api":"/api/v1/action/oosAlert/logBook/","user":{"email":"akash.karluke@unilever.com","role":"SalesManager"}},"timestamp":"2023-06-01T08:39:02.719Z"}
{"level":"info","message":{"api":"/api/v1/action/oosAlert","user":{"email":"akash.karluke@unilever.com","role":"SalesManager"}},"timestamp":"2023-06-01T08:39:11.711Z"}
{"level":"info","message":{"api":"/api/v1/action/oosAlert","user":{"email":"akash.karluke@unilever.com","role":"SalesManager"}},"timestamp":"2023-06-01T08:39:11.775Z"}
{"level":"info","message":{"api":"/api/v1/action/oosAlert/logBook/","user":{"email":"akash.karluke@unilever.com","role":"SalesManager"}},"timestamp":"2023-06-01T08:39:12.216Z"}
{"level":"info","message":{"api":"/api/v1/action/oosAlert","user":{"email":"akash.karluke@unilever.com","role":"SalesManager"}},"timestamp":"2023-06-01T08:39:12.306Z"}
{"level":"info","message":{"api":"/api/v1/action/oosAlert/logBook/","user":{"email":"akash.karluke@unilever.com","role":"SalesManager"}},"timestamp":"2023-06-01T08:39:30.393Z"}
{"level":"info","message":{"api":"/api/v1/action/oosAlert","user":{"email":"akash.karluke@unilever.com","role":"SalesManager"}},"timestamp":"2023-06-01T08:39:30.446Z"}
{"level":"info","message":{"api":"/api/v1/action/oosAlert/logBook/","user":{"email":"akash.karluke@unilever.com","role":"SalesManager"}},"timestamp":"2023-06-01T08:39:39.734Z"}
{"level":"info","message":{"api":"/api/v1/action/oosAlert","user":{"email":"akash.karluke@unilever.com","role":"SalesManager"}},"timestamp":"2023-06-01T08:39:40.593Z"}
{"level":"info","message":{"api":"/api/v1/action/oosAlert","user":{"email":"akash.karluke@unilever.com","role":"SalesManager"}},"timestamp":"2023-06-01T08:39:40.608Z"}
{"level":"info","message":{"api":"/api/v1/action/oosAlert/logBook/","user":{"email":"akash.karluke@unilever.com","role":"SalesManager"}},"timestamp":"2023-06-01T08:39:40.632Z"}
{"level":"info","message":{"api":"/api/v1/action/oosAlert/logBook/","user":{"email":"akash.karluke@unilever.com","role":"SalesManager"}},"timestamp":"2023-06-01T08:39:41.931Z"}
{"level":"info","message":{"api":"/api/v1/action/oosAlert","user":{"email":"akash.karluke@unilever.com","role":"SalesManager"}},"timestamp":"2023-06-01T08:39:41.969Z"}
{"level":"info","message":{"api":"/api/v1/action/oosAlert/logBook/","user":{"email":"akash.karluke@unilever.com","role":"SalesManager"}},"timestamp":"2023-06-01T08:39:42.746Z"}
{"level":"info","message":{"api":"/api/v1/user/","user":{"email":"akash.karluke@unilever.com","role":"SalesManager"}},"timestamp":"2023-06-01T08:39:42.766Z"}
{"level":"info","message":{"api":"/api/v1/user/","user":{"email":"akash.karluke@unilever.com","role":"SalesManager"}},"timestamp":"2023-06-01T08:39:42.807Z"}
{"level":"info","message":{"api":"/api/v1/user/","user":{"email":"akash.karluke@unilever.com","role":"SalesManager"}},"timestamp":"2023-06-01T08:39:42.816Z"}
{"level":"info","message":{"api":"/api/v1/user/","user":{"email":"akash.karluke@unilever.com","role":"SalesManager"}},"timestamp":"2023-06-01T08:39:42.827Z"}
{"level":"info","message":{"api":"/api/v1/action/oosAlert","user":{"email":"akash.karluke@unilever.com","role":"SalesManager"}},"timestamp":"2023-06-01T08:39:42.838Z"}
{"level":"info","message":{"api":"/api/v1/action/oosAlert/logBook/","user":{"email":"akash.karluke@unilever.com","role":"SalesManager"}},"timestamp":"2023-06-01T08:40:00.260Z"}
{"level":"info","message":{"api":"/api/v1/action/oosAlert","user":{"email":"akash.karluke@unilever.com","role":"SalesManager"}},"timestamp":"2023-06-01T08:40:00.288Z"}
{"level":"info","message":{"api":"/api/v1/action/oosAlert/logBook/","user":{"email":"akash.karluke@unilever.com","role":"SalesManager"}},"timestamp":"2023-06-01T08:40:00.515Z"}
{"level":"info","message":{"api":"/api/v1/action/oosAlert","user":{"email":"akash.karluke@unilever.com","role":"SalesManager"}},"timestamp":"2023-06-01T08:40:00.519Z"}
{"level":"info","message":{"api":"/api/v1/action/oosAlert/logBook/","user":{"email":"akash.karluke@unilever.com","role":"SalesManager"}},"timestamp":"2023-06-01T08:40:01.265Z"}
{"level":"info","message":{"api":"/api/v1/action/oosAlert","user":{"email":"akash.karluke@unilever.com","role":"SalesManager"}},"timestamp":"2023-06-01T08:40:09.694Z"}
{"level":"info","message":{"api":"/api/v1/action/oosAlert/logBook/","user":{"email":"akash.karluke@unilever.com","role":"SalesManager"}},"timestamp":"2023-06-01T08:40:12.128Z"}
{"level":"info","message":{"api":"/api/v1/action/oosAlert","user":{"email":"akash.karluke@unilever.com","role":"SalesManager"}},"timestamp":"2023-06-01T08:40:12.137Z"}
{"level":"info","message":{"api":"/api/v1/action/oosAlert/logBook/","user":{"email":"akash.karluke@unilever.com","role":"SalesManager"}},"timestamp":"2023-06-01T08:40:12.347Z"}
{"level":"info","message":{"api":"/api/v1/action/oosAlert","user":{"email":"akash.karluke@unilever.com","role":"SalesManager"}},"timestamp":"2023-06-01T08:40:12.520Z"}
{"level":"info","message":{"api":"/api/v1/action/oosAlert/logBook/","user":{"email":"akash.karluke@unilever.com","role":"SalesManager"}},"timestamp":"2023-06-01T08:40:20.111Z"}
{"level":"info","message":{"api":"/api/v1/action/oosAlert/store","user":{"email":"akash.karluke@unilever.com","role":"SalesManager"}},"timestamp":"2023-06-01T08:50:41.998Z"}
{"level":"info","message":{"api":"/api/v1/action/oosAlert/store","user":{"email":"akash.karluke@unilever.com","role":"SalesManager"}},"timestamp":"2023-06-01T08:51:46.322Z"}
{"level":"info","message":{"api":"/api/v1/filter/action/","user":{"email":"akash.karluke@unilever.com","role":"SalesManager"}},"timestamp":"2023-06-01T08:54:20.266Z"}
{"level":"info","message":{"api":"/api/v1/filter/action/","user":{"email":"akash.karluke@unilever.com","role":"SalesManager"}},"timestamp":"2023-06-01T08:54:20.652Z"}
{"level":"info","message":{"api":"/api/v1/filter/action/","user":{"email":"akash.karluke@unilever.com","role":"SalesManager"}},"timestamp":"2023-06-01T08:54:21.796Z"}
{"level":"info","message":{"api":"/api/v1/action/oosAlert/logBook/","user":{"email":"akash.karluke@unilever.com","role":"SalesManager"}},"timestamp":"2023-06-01T08:54:22.699Z"}
{"level":"info","message":{"api":"/api/v1/filter/action/","user":{"email":"akash.karluke@unilever.com","role":"SalesManager"}},"timestamp":"2023-06-01T08:54:23.415Z"}
{"level":"info","message":{"api":"/api/v1/filter/action/","user":{"email":"akash.karluke@unilever.com","role":"SalesManager"}},"timestamp":"2023-06-01T08:54:23.783Z"}
{"level":"info","message":{"api":"/api/v1/filter/action/week/","user":{"email":"akash.karluke@unilever.com","role":"SalesManager"}},"timestamp":"2023-06-01T08:54:48.070Z"}
{"level":"info","message":{"api":"/api/v1/action/oosAlert","user":{"email":"akash.karluke@unilever.com","role":"SalesManager"}},"timestamp":"2023-06-01T08:54:49.543Z"}
{"level":"info","message":{"api":"/api/v1/action/oosAlert","user":{"email":"akash.karluke@unilever.com","role":"SalesManager"}},"timestamp":"2023-06-01T08:55:41.266Z"}
{"level":"info","message":{"api":"/api/v1/action/oosAlert/logBook/","user":{"email":"akash.karluke@unilever.com","role":"SalesManager"}},"timestamp":"2023-06-01T08:55:41.900Z"}
{"level":"info","message":{"api":"/api/v1/action/oosAlert","user":{"email":"akash.karluke@unilever.com","role":"SalesManager"}},"timestamp":"2023-06-01T08:55:41.930Z"}
{"level":"info","message":{"api":"/api/v1/action/oosAlert/logBook/","user":{"email":"akash.karluke@unilever.com","role":"SalesManager"}},"timestamp":"2023-06-01T08:55:43.356Z"}
{"level":"info","message":{"api":"/api/v1/action/oosAlert/logBook/","user":{"email":"akash.karluke@unilever.com","role":"SalesManager"}},"timestamp":"2023-06-01T08:55:45.194Z"}
{"level":"info","message":{"api":"/api/v1/action/oosAlert","user":{"email":"akash.karluke@unilever.com","role":"SalesManager"}},"timestamp":"2023-06-01T08:55:45.216Z"}
{"level":"info","message":{"api":"/api/v1/action/oosAlert/logBook/","user":{"email":"akash.karluke@unilever.com","role":"SalesManager"}},"timestamp":"2023-06-01T08:56:08.234Z"}
{"level":"info","message":{"api":"/api/v1/action/oosAlert","user":{"email":"akash.karluke@unilever.com","role":"SalesManager"}},"timestamp":"2023-06-01T08:56:08.266Z"}
{"level":"info","message":{"api":"/api/v1/action/oosAlert","user":{"email":"akash.karluke@unilever.com","role":"SalesManager"}},"timestamp":"2023-06-01T08:56:10.632Z"}
{"level":"info","message":{"api":"/api/v1/action/oosAlert/logBook/","user":{"email":"akash.karluke@unilever.com","role":"SalesManager"}},"timestamp":"2023-06-01T08:56:13.054Z"}
{"level":"info","message":{"api":"/api/v1/filter/action/","user":{"email":"akash.karluke@unilever.com","role":"SalesManager"}},"timestamp":"2023-06-01T09:02:30.973Z"}
{"level":"info","message":{"api":"/api/v1/filter/action/","user":{"email":"akash.karluke@unilever.com","role":"SalesManager"}},"timestamp":"2023-06-01T09:02:41.650Z"}
{"level":"info","message":{"api":"/api/v1/filter/action/","user":{"email":"akash.karluke@unilever.com","role":"SalesManager"}},"timestamp":"2023-06-01T09:02:41.759Z"}
{"level":"info","message":{"api":"/api/v1/filter/action/","user":{"email":"akash.karluke@unilever.com","role":"SalesManager"}},"timestamp":"2023-06-01T09:02:46.689Z"}
{"level":"info","message":{"api":"/api/v1/filter/action/week/","user":{"email":"akash.karluke@unilever.com","role":"SalesManager"}},"timestamp":"2023-06-01T09:03:20.996Z"}
{"level":"info","message":{"api":"/api/v1/filter/action/","user":{"email":"akash.karluke@unilever.com","role":"SalesManager"}},"timestamp":"2023-06-01T09:03:21.102Z"}
{"level":"info","message":{"api":"/api/v1/action/oosAlert","user":{"email":"akash.karluke@unilever.com","role":"SalesManager"}},"timestamp":"2023-06-01T09:03:22.568Z"}
{"level":"info","message":{"api":"/api/v1/action/oosAlert/logBook/","user":{"email":"akash.karluke@unilever.com","role":"SalesManager"}},"timestamp":"2023-06-01T09:03:27.908Z"}
{"level":"info","message":{"api":"/api/v1/action/oosAlert/logBook/","user":{"email":"akash.karluke@unilever.com","role":"SalesManager"}},"timestamp":"2023-06-01T09:04:12.843Z"}
{"level":"info","message":{"api":"/api/v1/action/oosAlert","user":{"email":"akash.karluke@unilever.com","role":"SalesManager"}},"timestamp":"2023-06-01T09:04:13.068Z"}
{"level":"info","message":{"api":"/api/v1/action/oosAlert/logBook/","user":{"email":"akash.karluke@unilever.com","role":"SalesManager"}},"timestamp":"2023-06-01T09:04:13.234Z"}
{"level":"info","message":{"api":"/api/v1/action/oosAlert/logBook/","user":{"email":"akash.karluke@unilever.com","role":"SalesManager"}},"timestamp":"2023-06-01T09:04:13.263Z"}
{"level":"info","message":{"api":"/api/v1/action/oosAlert","user":{"email":"akash.karluke@unilever.com","role":"SalesManager"}},"timestamp":"2023-06-01T09:04:13.494Z"}
{"level":"info","message":{"api":"/api/v1/action/oosAlert","user":{"email":"akash.karluke@unilever.com","role":"SalesManager"}},"timestamp":"2023-06-01T09:05:14.739Z"}
{"level":"info","message":{"api":"/api/v1/action/oosAlert","user":{"email":"akash.karluke@unilever.com","role":"SalesManager"}},"timestamp":"2023-06-01T09:05:15.655Z"}
{"level":"info","message":{"api":"/api/v1/action/oosAlert/logBook/","user":{"email":"akash.karluke@unilever.com","role":"SalesManager"}},"timestamp":"2023-06-01T09:05:16.718Z"}
{"level":"info","message":{"api":"/api/v1/action/oosAlert/store","user":{"email":"akash.karluke@unilever.com","role":"SalesManager"}},"timestamp":"2023-06-01T09:05:18.640Z"}
{"level":"info","message":{"api":"/api/v1/user/","user":{"email":"akash.karluke@unilever.com","role":"SalesManager"}},"timestamp":"2023-06-01T09:27:17.197Z"}
{"level":"info","message":{"api":"/api/v1/action/picos/store","user":{"email":"akash.karluke@unilever.com","role":"SalesManager"}},"timestamp":"2023-06-01T09:27:26.304Z"}
{"level":"info","message":{"api":"/api/v1/filter/action/","user":{"email":"akash.karluke@unilever.com","role":"SalesManager"}},"timestamp":"2023-06-01T09:27:26.431Z"}
{"level":"info","message":{"api":"/api/v1/filter/action/","user":{"email":"akash.karluke@unilever.com","role":"SalesManager"}},"timestamp":"2023-06-01T09:27:27.119Z"}
{"level":"info","message":{"api":"/api/v1/filter/action/","user":{"email":"akash.karluke@unilever.com","role":"SalesManager"}},"timestamp":"2023-06-01T09:27:27.316Z"}
{"level":"info","message":{"api":"/api/v1/filter/action/","user":{"email":"akash.karluke@unilever.com","role":"SalesManager"}},"timestamp":"2023-06-01T09:27:27.349Z"}
{"level":"info","message":{"api":"/api/v1/filter/action/","user":{"email":"akash.karluke@unilever.com","role":"SalesManager"}},"timestamp":"2023-06-01T09:27:27.355Z"}
{"level":"info","message":{"api":"/api/v1/filter/action/week/","user":{"email":"akash.karluke@unilever.com","role":"SalesManager"}},"timestamp":"2023-06-01T09:27:28.118Z"}
{"level":"info","message":{"api":"/api/v1/action/oosAlert","user":{"email":"akash.karluke@unilever.com","role":"SalesManager"}},"timestamp":"2023-06-01T09:27:28.587Z"}
{"level":"info","message":{"api":"/api/v1/action/oosAlert/logBook/","user":{"email":"akash.karluke@unilever.com","role":"SalesManager"}},"timestamp":"2023-06-01T09:27:33.095Z"}
{"level":"info","message":{"api":"/api/v1/action/oosAlert","user":{"email":"akash.karluke@unilever.com","role":"SalesManager"}},"timestamp":"2023-06-01T09:27:35.330Z"}
{"level":"info","message":{"api":"/api/v1/action/oosAlert/logBook/","user":{"email":"akash.karluke@unilever.com","role":"SalesManager"}},"timestamp":"2023-06-01T09:27:35.448Z"}
{"level":"info","message":{"api":"/api/v1/action/oosAlert/logBook/","user":{"email":"akash.karluke@unilever.com","role":"SalesManager"}},"timestamp":"2023-06-01T09:27:35.504Z"}
{"level":"info","message":{"api":"/api/v1/action/oosAlert","user":{"email":"akash.karluke@unilever.com","role":"SalesManager"}},"timestamp":"2023-06-01T09:27:35.517Z"}
{"level":"info","message":{"api":"/api/v1/action/oosAlert","user":{"email":"akash.karluke@unilever.com","role":"SalesManager"}},"timestamp":"2023-06-01T09:27:35.549Z"}
{"level":"info","message":{"api":"/api/v1/action/oosAlert/logBook/","user":{"email":"akash.karluke@unilever.com","role":"SalesManager"}},"timestamp":"2023-06-01T09:27:35.568Z"}
{"level":"info","message":{"api":"/api/v1/action/oosAlert","user":{"email":"akash.karluke@unilever.com","role":"SalesManager"}},"timestamp":"2023-06-01T09:27:40.008Z"}
{"level":"info","message":{"api":"/api/v1/action/oosAlert/logBook/","user":{"email":"akash.karluke@unilever.com","role":"SalesManager"}},"timestamp":"2023-06-01T09:27:40.079Z"}
{"level":"info","message":{"api":"/api/v1/action/oosAlert","user":{"email":"akash.karluke@unilever.com","role":"SalesManager"}},"timestamp":"2023-06-01T09:27:41.617Z"}
{"level":"info","message":{"api":"/api/v1/action/oosAlert/logBook/","user":{"email":"akash.karluke@unilever.com","role":"SalesManager"}},"timestamp":"2023-06-01T09:27:43.434Z"}
{"level":"info","message":{"api":"/api/v1/action/oosAlert/store","user":{"email":"akash.karluke@unilever.com","role":"SalesManager"}},"timestamp":"2023-06-01T09:35:05.470Z"}
{"level":"info","message":{"api":"/api/v1/action/oosAlert/store","user":{"email":"akash.karluke@unilever.com","role":"SalesManager"}},"timestamp":"2023-06-01T09:35:11.811Z"}
{"level":"info","message":{"api":"/api/v1/action/oosAlert/store","user":{"email":"akash.karluke@unilever.com","role":"SalesManager"}},"timestamp":"2023-06-01T09:35:15.497Z"}
{"level":"info","message":{"api":"/api/v1/action/oosAlert/store","user":{"email":"akash.karluke@unilever.com","role":"SalesManager"}},"timestamp":"2023-06-01T09:35:19.437Z"}
{"level":"info","message":{"api":"/api/v1/action/oosAlert/store","user":{"email":"akash.karluke@unilever.com","role":"SalesManager"}},"timestamp":"2023-06-01T09:35:35.584Z"}
{"level":"info","message":{"api":"/api/v1/action/oosAlert/store","user":{"email":"akash.karluke@unilever.com","role":"SalesManager"}},"timestamp":"2023-06-01T09:36:40.760Z"}
{"level":"info","message":{"api":"/api/v1/filter/action/","user":{"email":"akash.karluke@unilever.com","role":"SalesManager"}},"timestamp":"2023-06-01T09:38:10.768Z"}
{"level":"info","message":{"api":"/api/v1/filter/action/","user":{"email":"akash.karluke@unilever.com","role":"SalesManager"}},"timestamp":"2023-06-01T09:38:10.887Z"}
{"level":"info","message":{"api":"/api/v1/filter/action/","user":{"email":"akash.karluke@unilever.com","role":"SalesManager"}},"timestamp":"2023-06-01T09:38:10.949Z"}
{"level":"info","message":{"api":"/api/v1/filter/action/","user":{"email":"akash.karluke@unilever.com","role":"SalesManager"}},"timestamp":"2023-06-01T09:38:10.984Z"}
{"level":"info","message":{"api":"/api/v1/filter/action/","user":{"email":"akash.karluke@unilever.com","role":"SalesManager"}},"timestamp":"2023-06-01T09:38:11.033Z"}
{"level":"info","message":{"api":"/api/v1/filter/action/week/","user":{"email":"akash.karluke@unilever.com","role":"SalesManager"}},"timestamp":"2023-06-01T09:38:11.204Z"}
{"level":"info","message":{"api":"/api/v1/action/oosAlert","user":{"email":"akash.karluke@unilever.com","role":"SalesManager"}},"timestamp":"2023-06-01T09:38:11.903Z"}
{"level":"info","message":{"api":"/api/v1/action/oosAlert/logBook/","user":{"email":"akash.karluke@unilever.com","role":"SalesManager"}},"timestamp":"2023-06-01T09:38:18.649Z"}
{"level":"info","message":{"api":"/api/v1/action/oosAlert","user":{"email":"akash.karluke@unilever.com","role":"SalesManager"}},"timestamp":"2023-06-01T09:38:20.170Z"}
{"level":"info","message":{"api":"/api/v1/action/oosAlert/logBook/","user":{"email":"akash.karluke@unilever.com","role":"SalesManager"}},"timestamp":"2023-06-01T09:38:20.187Z"}
{"level":"info","message":{"api":"/api/v1/action/oosAlert","user":{"email":"akash.karluke@unilever.com","role":"SalesManager"}},"timestamp":"2023-06-01T09:38:20.196Z"}
{"level":"info","message":{"api":"/api/v1/action/oosAlert/logBook/","user":{"email":"akash.karluke@unilever.com","role":"SalesManager"}},"timestamp":"2023-06-01T09:38:20.917Z"}
{"level":"info","message":{"api":"/api/v1/action/oosAlert","user":{"email":"akash.karluke@unilever.com","role":"SalesManager"}},"timestamp":"2023-06-01T09:38:24.464Z"}
{"level":"info","message":{"api":"/api/v1/action/oosAlert/logBook/","user":{"email":"akash.karluke@unilever.com","role":"SalesManager"}},"timestamp":"2023-06-01T09:38:27.263Z"}
{"level":"info","message":{"api":"/api/v1/action/oosAlert","user":{"email":"akash.karluke@unilever.com","role":"SalesManager"}},"timestamp":"2023-06-01T09:38:27.349Z"}
{"level":"info","message":{"api":"/api/v1/action/oosAlert/logBook/","user":{"email":"akash.karluke@unilever.com","role":"SalesManager"}},"timestamp":"2023-06-01T09:38:27.643Z"}
{"level":"info","message":{"api":"/api/v1/action/oosAlert","user":{"email":"akash.karluke@unilever.com","role":"SalesManager"}},"timestamp":"2023-06-01T09:38:28.261Z"}
{"level":"info","message":{"api":"/api/v1/action/oosAlert/logBook/","user":{"email":"akash.karluke@unilever.com","role":"SalesManager"}},"timestamp":"2023-06-01T09:38:28.411Z"}
